\BOOKMARK [1][-]{section.1}{\376\377\000I\000n\000t\000r\000o\000d\000u\000c\000t\000i\000o\000n}{}% 1
\BOOKMARK [1][-]{section.2}{\376\377\000E\000x\000a\000m\000p\000l\000e\000\040\000o\000f\000\040\000F\000i\000r\000s\000t\000\040\000L\000e\000v\000e\000l\000\040\000H\000e\000a\000d\000\040\000-\000\040\000S\000e\000c\000t\000i\000o\000n\000\040\000H\000e\000a\000d}{}% 2
\BOOKMARK [2][-]{subsection.2.1}{\376\377\000H\000o\000w\000\040\000t\000o\000\040\000c\000r\000e\000a\000t\000e\000\040\000s\000e\000c\000t\000i\000o\000n\000s\000\040\000a\000n\000d\000\040\000s\000u\000b\000s\000e\000c\000t\000i\000o\000n\000s}{section.2}% 3
\BOOKMARK [2][-]{subsection.2.2}{\376\377\000T\000h\000i\000s\000\040\000i\000s\000\040\000a\000n\000\040\000e\000x\000a\000m\000p\000l\000e\000\040\000o\000f\000\040\000s\000e\000c\000o\000n\000d\000\040\000l\000e\000v\000e\000l\000\040\000h\000e\000a\000d\000\040\000-\000\040\000s\000u\000b\000s\000e\000c\000t\000i\000o\000n\000\040\000h\000e\000a\000d}{section.2}% 4
\BOOKMARK [3][-]{subsubsection.2.2.1}{\376\377\000T\000h\000i\000s\000\040\000i\000s\000\040\000a\000n\000\040\000e\000x\000a\000m\000p\000l\000e\000\040\000o\000f\000\040\000t\000h\000i\000r\000d\000\040\000l\000e\000v\000e\000l\000\040\000h\000e\000a\000d\000\040\000-\000\040\000s\000u\000b\000s\000u\000b\000s\000e\000c\000t\000i\000o\000n\000\040\000h\000e\000a\000d}{subsection.2.2}% 5
\BOOKMARK [1][-]{section.3}{\376\377\000E\000x\000a\000m\000p\000l\000e\000\040\000o\000f\000\040\000F\000i\000r\000s\000t\000\040\000L\000e\000v\000e\000l\000\040\000H\000e\000a\000d}{}% 6
\BOOKMARK [2][-]{subsection.3.1}{\376\377\000T\000h\000i\000s\000\040\000i\000s\000\040\000a\000n\000\040\000e\000x\000a\000m\000p\000l\000e\000\040\000o\000f\000\040\000s\000e\000c\000o\000n\000d\000\040\000l\000e\000v\000e\000l\000\040\000h\000e\000a\000d\000\040\000-\000\040\000s\000u\000b\000s\000e\000c\000t\000i\000o\000n\000\040\000h\000e\000a\000d}{section.3}% 7
\BOOKMARK [3][-]{subsubsection.3.1.1}{\376\377\000T\000h\000i\000s\000\040\000i\000s\000\040\000a\000n\000\040\000e\000x\000a\000m\000p\000l\000e\000\040\000o\000f\000\040\000t\000h\000i\000r\000d\000\040\000l\000e\000v\000e\000l\000\040\000h\000e\000a\000d\000\040\000-\000\040\000s\000u\000b\000s\000u\000b\000s\000e\000c\000t\000i\000o\000n\000\040\000h\000e\000a\000d}{subsection.3.1}% 8
\BOOKMARK [1][-]{section.4}{\376\377\000H\000o\000w\000\040\000t\000o\000\040\000I\000n\000c\000l\000u\000d\000e\000\040\000E\000q\000u\000a\000t\000i\000o\000n\000s}{}% 9
\BOOKMARK [1][-]{section.5}{\376\377\000H\000o\000w\000\040\000t\000o\000\040\000I\000n\000c\000l\000u\000d\000e\000\040\000T\000a\000b\000l\000e\000s}{}% 10
\BOOKMARK [1][-]{section.6}{\376\377\000H\000o\000w\000\040\000t\000o\000\040\000I\000n\000c\000l\000u\000d\000e\000\040\000F\000i\000g\000u\000r\000e\000s}{}% 11
\BOOKMARK [2][-]{subsection.6.1}{\376\377\000M\000o\000r\000e\000\040\000i\000n\000f\000o\000r\000m\000a\000t\000i\000o\000n\000\040\000a\000b\000o\000u\000t\000\040\000f\000i\000g\000u\000r\000e\000s}{section.6}% 12
\BOOKMARK [1][-]{section.7}{\376\377\000H\000o\000w\000\040\000t\000o\000\040\000I\000n\000c\000l\000u\000d\000e\000\040\000A\000l\000g\000o\000r\000i\000t\000h\000m\000s\000,\000\040\000P\000r\000o\000g\000r\000a\000m\000\040\000C\000o\000d\000e\000s\000,\000\040\000a\000n\000d\000\040\000L\000i\000s\000t\000i\000n\000g\000s}{}% 13
\BOOKMARK [1][-]{section.8}{\376\377\000H\000o\000w\000\040\000t\000o\000\040\000I\000n\000c\000l\000u\000d\000e\000\040\000L\000i\000s\000t\000s}{}% 14
\BOOKMARK [1][-]{section.9}{\376\377\000H\000o\000w\000\040\000t\000o\000\040\000A\000d\000d\000\040\000C\000i\000t\000a\000t\000i\000o\000n\000s\000\040\000a\000n\000d\000\040\000a\000\040\000R\000e\000f\000e\000r\000e\000n\000c\000e\000s\000\040\000L\000i\000s\000t}{}% 15
\BOOKMARK [2][-]{subsection.9.1}{\376\377\000C\000i\000t\000a\000t\000i\000o\000n\000\040\000i\000n\000\040\000t\000e\000x\000t}{section.9}% 16
\BOOKMARK [2][-]{subsection.9.2}{\376\377\000R\000e\000f\000e\000r\000e\000n\000c\000e\000s}{section.9}% 17
\BOOKMARK [3][-]{subsubsection.9.2.1}{\376\377\000W\000e\000b\000\040\000r\000e\000f\000e\000r\000e\000n\000c\000e\000s}{subsection.9.2}% 18
\BOOKMARK [3][-]{subsubsection.9.2.2}{\376\377\000E\000x\000a\000m\000p\000l\000e\000s\000\040\000o\000f\000\040\000r\000e\000f\000e\000r\000e\000n\000c\000e\000\040\000s\000t\000y\000l\000e}{subsection.9.2}% 19
\BOOKMARK [1][-]{section.10}{\376\377\000C\000o\000n\000c\000l\000u\000s\000i\000o\000n\000s}{}% 20
\BOOKMARK [1][-]{appendix.1.A}{\376\377\000S\000o\000m\000e\000\040\000N\000o\000t\000a\000t\000i\000o\000n}{}% 21
\BOOKMARK [2][-]{subsection.1.A.1}{\376\377\000A\000p\000p\000e\000n\000d\000i\000x\000\040\000s\000u\000b\000s\000e\000c\000t\000i\000o\000n\000\040\000t\000i\000t\000l\000e\000\040\000h\000e\000r\000e}{appendix.1.A}% 22
\BOOKMARK [2][-]{subsection.1.A.2}{\376\377\000A\000p\000p\000e\000n\000d\000i\000x\000\040\000s\000u\000b\000s\000e\000c\000t\000i\000o\000n\000\040\000t\000i\000t\000l\000e\000\040\000h\000e\000r\000e}{appendix.1.A}% 23
\BOOKMARK [1][-]{appendix.1.B}{\376\377\000S\000o\000m\000e\000\040\000M\000o\000r\000e\000\040\000N\000o\000t\000a\000t\000i\000o\000n}{}% 24
\BOOKMARK [2][-]{subsection.1.B.1}{\376\377\000A\000p\000p\000e\000n\000d\000i\000x\000\040\000s\000u\000b\000s\000e\000c\000t\000i\000o\000n\000\040\000t\000i\000t\000l\000e\000\040\000h\000e\000r\000e}{appendix.1.B}% 25
