This is pdfTeX, Version 3.141592653-2.6-1.40.25 (MiKTeX 23.4) (preloaded format=pdflatex 2023.6.26)  5 JUL 2023 18:20
entering extended mode
 restricted \write18 enabled.
 file:line:error style messages enabled.
 %&-line parsing enabled.
**"c:/Users/analu/UncertaintyQuantificationForGeocodingServices/UncertaintyQuantificationSaoPauloSchools/Undergraduate Research Project (pt-BR)/main.tex"
(c:/Users/analu/UncertaintyQuantificationForGeocodingServices/UncertaintyQuantificationSaoPauloSchools/Undergraduate Research Project (pt-BR)/main.tex
LaTeX2e <2022-11-01> patch level 1
L3 programming layer <2023-03-30> (C:\Users\analu\AppData\Local\Programs\MiKTeX\tex/latex/base\article.cls
Document Class: article 2022/07/02 v1.4n Standard LaTeX document class
(C:\Users\analu\AppData\Local\Programs\MiKTeX\tex/latex/base\size10.clo
File: size10.clo 2022/07/02 v1.4n Standard LaTeX file (size option)
)
\c@part=\count185
\c@section=\count186
\c@subsection=\count187
\c@subsubsection=\count188
\c@paragraph=\count189
\c@subparagraph=\count190
\c@figure=\count191
\c@table=\count192
\abovecaptionskip=\skip48
\belowcaptionskip=\skip49
\bibindent=\dimen140
) (C:\Users\analu\AppData\Local\Programs\MiKTeX\tex/latex/base\fontenc.sty
Package: fontenc 2021/04/29 v2.0v Standard LaTeX package
) (C:\Users\analu\AppData\Local\Programs\MiKTeX\tex/latex/base\inputenc.sty
Package: inputenc 2021/02/14 v1.3d Input encoding file
\inpenc@prehook=\toks16
\inpenc@posthook=\toks17
) (C:\Users\analu\AppData\Local\Programs\MiKTeX\tex/generic/babel\babel.sty
Package: babel 2023/03/28 3.87 The Babel package
\babel@savecnt=\count193
\U@D=\dimen141
\l@unhyphenated=\language79
 (C:\Users\analu\AppData\Local\Programs\MiKTeX\tex/generic/babel\txtbabel.def)
\bbl@readstream=\read2
\bbl@dirlevel=\count194

*************************************
* Local config file bblopts.cfg used
*
(C:\Users\analu\AppData\Local\Programs\MiKTeX\tex/latex/arabi\bblopts.cfg
File: bblopts.cfg 2005/09/08 v0.1 add Arabic and Farsi to "declared" options of babel
) (C:\Users\analu\AppData\Local\Programs\MiKTeX\tex/latex/babel-portuges\portuguese.ldf
Language: portuges 2021/07/09 v1.2t Portuguese support from the babel system
Package babel Info: Making " an active character on input line 143.
)) (C:\Users\analu\AppData\Local\Programs\MiKTeX\tex/generic/babel/locale/pt\babel-portuguese.tex
Package babel Info: Importing font and identification data for portuguese
(babel)             from babel-pt.ini. Reported on input line 11.
) (C:\Users\analu\AppData\Local\Programs\MiKTeX\tex/latex/hyphenat\hyphenat.sty
Package: hyphenat 2009/09/02 v2.3c hyphenation utilities
\langwohyphens=\language80
LaTeX Info: Redefining \_ on input line 43.
) (C:\Users\analu\AppData\Local\Programs\MiKTeX\tex/latex/natbib\natbib.sty
Package: natbib 2010/09/13 8.31b (PWD, AO)
\bibhang=\skip50
\bibsep=\skip51
LaTeX Info: Redefining \cite on input line 694.
\c@NAT@ctr=\count195
) (C:\Users\analu\AppData\Local\Programs\MiKTeX\tex/latex/graphics\graphicx.sty
Package: graphicx 2021/09/16 v1.2d Enhanced LaTeX Graphics (DPC,SPQR)
 (C:\Users\analu\AppData\Local\Programs\MiKTeX\tex/latex/graphics\keyval.sty
Package: keyval 2022/05/29 v1.15 key=value parser (DPC)
\KV@toks@=\toks18
) (C:\Users\analu\AppData\Local\Programs\MiKTeX\tex/latex/graphics\graphics.sty
Package: graphics 2022/03/10 v1.4e Standard LaTeX Graphics (DPC,SPQR)
 (C:\Users\analu\AppData\Local\Programs\MiKTeX\tex/latex/graphics\trig.sty
Package: trig 2021/08/11 v1.11 sin cos tan (DPC)
) (C:\Users\analu\AppData\Local\Programs\MiKTeX\tex/latex/graphics-cfg\graphics.cfg
File: graphics.cfg 2016/06/04 v1.11 sample graphics configuration
)
Package graphics Info: Driver file: pdftex.def on input line 107.
 (C:\Users\analu\AppData\Local\Programs\MiKTeX\tex/latex/graphics-def\pdftex.def
File: pdftex.def 2022/09/22 v1.2b Graphics/color driver for pdftex
))
\Gin@req@height=\dimen142
\Gin@req@width=\dimen143
) (C:\Users\analu\AppData\Local\Programs\MiKTeX\tex/latex/amsmath\amsmath.sty
Package: amsmath 2022/04/08 v2.17n AMS math features
\@mathmargin=\skip52

For additional information on amsmath, use the `?' option.
(C:\Users\analu\AppData\Local\Programs\MiKTeX\tex/latex/amsmath\amstext.sty
Package: amstext 2021/08/26 v2.01 AMS text
 (C:\Users\analu\AppData\Local\Programs\MiKTeX\tex/latex/amsmath\amsgen.sty
File: amsgen.sty 1999/11/30 v2.0 generic functions
\@emptytoks=\toks19
\ex@=\dimen144
)) (C:\Users\analu\AppData\Local\Programs\MiKTeX\tex/latex/amsmath\amsbsy.sty
Package: amsbsy 1999/11/29 v1.2d Bold Symbols
\pmbraise@=\dimen145
) (C:\Users\analu\AppData\Local\Programs\MiKTeX\tex/latex/amsmath\amsopn.sty
Package: amsopn 2022/04/08 v2.04 operator names
)
\inf@bad=\count196
LaTeX Info: Redefining \frac on input line 234.
\uproot@=\count197
\leftroot@=\count198
LaTeX Info: Redefining \overline on input line 399.
LaTeX Info: Redefining \colon on input line 410.
\classnum@=\count199
\DOTSCASE@=\count266
LaTeX Info: Redefining \ldots on input line 496.
LaTeX Info: Redefining \dots on input line 499.
LaTeX Info: Redefining \cdots on input line 620.
\Mathstrutbox@=\box51
\strutbox@=\box52
LaTeX Info: Redefining \big on input line 722.
LaTeX Info: Redefining \Big on input line 723.
LaTeX Info: Redefining \bigg on input line 724.
LaTeX Info: Redefining \Bigg on input line 725.
\big@size=\dimen146
LaTeX Font Info:    Redeclaring font encoding OML on input line 743.
LaTeX Font Info:    Redeclaring font encoding OMS on input line 744.
\macc@depth=\count267
LaTeX Info: Redefining \bmod on input line 905.
LaTeX Info: Redefining \pmod on input line 910.
LaTeX Info: Redefining \smash on input line 940.
LaTeX Info: Redefining \relbar on input line 970.
LaTeX Info: Redefining \Relbar on input line 971.
\c@MaxMatrixCols=\count268
\dotsspace@=\muskip16
\c@parentequation=\count269
\dspbrk@lvl=\count270
\tag@help=\toks20
\row@=\count271
\column@=\count272
\maxfields@=\count273
\andhelp@=\toks21
\eqnshift@=\dimen147
\alignsep@=\dimen148
\tagshift@=\dimen149
\tagwidth@=\dimen150
\totwidth@=\dimen151
\lineht@=\dimen152
\@envbody=\toks22
\multlinegap=\skip53
\multlinetaggap=\skip54
\mathdisplay@stack=\toks23
LaTeX Info: Redefining \[ on input line 2953.
LaTeX Info: Redefining \] on input line 2954.
) (C:\Users\analu\AppData\Local\Programs\MiKTeX\tex/latex/makecell\makecell.sty
Package: makecell 2009/08/03 V0.1e Managing of Tab Column Heads and Cells
 (C:\Users\analu\AppData\Local\Programs\MiKTeX\tex/latex/tools\array.sty
Package: array 2022/09/04 v2.5g Tabular extension package (FMi)
\col@sep=\dimen153
\ar@mcellbox=\box53
\extrarowheight=\dimen154
\NC@list=\toks24
\extratabsurround=\skip55
\backup@length=\skip56
\ar@cellbox=\box54
)
\rotheadsize=\dimen155
\c@nlinenum=\count274
\TeXr@lab=\toks25
) (C:\Users\analu\AppData\Local\Programs\MiKTeX\tex/latex/subfigure\subfigure.sty
Package: subfigure 2002/07/30 v2.1.4 subfigure package
\subfigtopskip=\skip57
\subfigcapskip=\skip58
\subfigcaptopadj=\dimen156
\subfigbottomskip=\skip59
\subfigcapmargin=\dimen157
\subfiglabelskip=\skip60
\c@subfigure=\count275
\c@lofdepth=\count276
\c@subtable=\count277
\c@lotdepth=\count278

****************************************
* Local config file subfigure.cfg used *
****************************************
(C:\Users\analu\AppData\Local\Programs\MiKTeX\tex/latex/subfigure\subfigure.cfg)
\subfig@top=\skip61
\subfig@bottom=\skip62
) (C:\Users\analu\AppData\Local\Programs\MiKTeX\tex/latex/l3backend\l3backend-pdftex.def
File: l3backend-pdftex.def 2023-03-30 L3 backend support: PDF output (pdfTeX)
\l__color_backend_stack_int=\count279
\l__pdf_internal_box=\box55
) (main.aux)
\openout1 = `main.aux'.

LaTeX Font Info:    Checking defaults for OML/cmm/m/it on input line 33.
LaTeX Font Info:    ... okay on input line 33.
LaTeX Font Info:    Checking defaults for OMS/cmsy/m/n on input line 33.
LaTeX Font Info:    ... okay on input line 33.
LaTeX Font Info:    Checking defaults for OT1/cmr/m/n on input line 33.
LaTeX Font Info:    ... okay on input line 33.
LaTeX Font Info:    Checking defaults for T1/cmr/m/n on input line 33.
LaTeX Font Info:    ... okay on input line 33.
LaTeX Font Info:    Checking defaults for TS1/cmr/m/n on input line 33.
LaTeX Font Info:    ... okay on input line 33.
LaTeX Font Info:    Checking defaults for OMX/cmex/m/n on input line 33.
LaTeX Font Info:    ... okay on input line 33.
LaTeX Font Info:    Checking defaults for U/cmr/m/n on input line 33.
LaTeX Font Info:    ... okay on input line 33.
 (C:\Users\analu\AppData\Local\Programs\MiKTeX\tex/context/base/mkii\supp-pdf.mkii
[Loading MPS to PDF converter (version 2006.09.02).]
\scratchcounter=\count280
\scratchdimen=\dimen158
\scratchbox=\box56
\nofMPsegments=\count281
\nofMParguments=\count282
\everyMPshowfont=\toks26
\MPscratchCnt=\count283
\MPscratchDim=\dimen159
\MPnumerator=\count284
\makeMPintoPDFobject=\count285
\everyMPtoPDFconversion=\toks27
) (C:\Users\analu\AppData\Local\Programs\MiKTeX\tex/latex/epstopdf-pkg\epstopdf-base.sty
Package: epstopdf-base 2020-01-24 v2.11 Base part for package epstopdf
Package epstopdf-base Info: Redefining graphics rule for `.eps' on input line 485.
 (C:\Users\analu\AppData\Local\Programs\MiKTeX\tex/latex/00miktex\epstopdf-sys.cfg
File: epstopdf-sys.cfg 2021/03/18 v2.0 Configuration of epstopdf for MiKTeX
)) [1

{C:/Users/analu/AppData/Local/MiKTeX/fonts/map/pdftex/pdftex.map}] [2] [3]
Overfull \hbox (1.45024pt too wide) in paragraph at lines 94--95
[]\T1/cmr/m/n/10 A par-tir da base de da-
 []


Overfull \hbox (3.53278pt too wide) in paragraph at lines 96--97
[]\T1/cmr/m/n/10 Os en-de-re-ços, já
 []


Overfull \hbox (2.76768pt too wide) in paragraph at lines 99--100
[]\T1/cmr/m/n/10 Os en-de-re-ços ge-o-co-di-fi-ca-
 []

<diagrama monografia.drawio.png, id=16, 493.845pt x 416.55624pt>
File: diagrama monografia.drawio.png Graphic file (type png)
<use diagrama monografia.drawio.png>
Package pdftex.def Info: diagrama monografia.drawio.png  used on input line 104.
(pdftex.def)             Requested size: 172.5pt x 145.49812pt.

LaTeX Warning: `h' float specifier changed to `ht'.

[4] [5 <./diagrama monografia.drawio.png>]
<mapapontos1.png, id=31, 999.735pt x 451.6875pt>
File: mapapontos1.png Graphic file (type png)
<use mapapontos1.png>
Package pdftex.def Info: mapapontos1.png  used on input line 146.
(pdftex.def)             Requested size: 345.0pt x 155.8737pt.
<mapapontos2.png, id=32, 999.735pt x 451.6875pt>
File: mapapontos2.png Graphic file (type png)
<use mapapontos2.png>
Package pdftex.def Info: mapapontos2.png  used on input line 153.
(pdftex.def)             Requested size: 345.0pt x 155.8737pt.
<mapapontos3.png, id=33, 999.735pt x 451.6875pt>
File: mapapontos3.png Graphic file (type png)
<use mapapontos3.png>
Package pdftex.def Info: mapapontos3.png  used on input line 160.
(pdftex.def)             Requested size: 345.0pt x 155.8737pt.


LaTeX Warning: `h' float specifier changed to `ht'.

[6 <./mapapontos1.png> <./mapapontos2.png>]
Overfull \hbox (59.3103pt too wide) in paragraph at lines 176--185
 [][] 
 []

[7 <./mapapontos3.png>]
<hist1.png, id=44, 419.166pt x 328.8285pt>
File: hist1.png Graphic file (type png)
<use hist1.png>
Package pdftex.def Info: hist1.png  used on input line 194.
(pdftex.def)             Requested size: 345.0pt x 270.64963pt.
<hist2.png, id=45, 419.8887pt x 328.8285pt>
File: hist2.png Graphic file (type png)
<use hist2.png>
Package pdftex.def Info: hist2.png  used on input line 201.
(pdftex.def)             Requested size: 345.0pt x 270.18802pt.


LaTeX Warning: `h' float specifier changed to `ht'.

<hist3.png, id=46, 425.6703pt x 328.8285pt>
File: hist3.png Graphic file (type png)
<use hist3.png>
Package pdftex.def Info: hist3.png  used on input line 208.
(pdftex.def)             Requested size: 345.0pt x 266.5152pt.

LaTeX Warning: `h' float specifier changed to `ht'.

<hist4.png, id=47, 416.2752pt x 328.8285pt>
File: hist4.png Graphic file (type png)
<use hist4.png>
Package pdftex.def Info: hist4.png  used on input line 215.
(pdftex.def)             Requested size: 345.0pt x 272.54123pt.

LaTeX Warning: `h' float specifier changed to `ht'.

<hist5.png, id=48, 423.5022pt x 328.8285pt>
File: hist5.png Graphic file (type png)
<use hist5.png>
Package pdftex.def Info: hist5.png  used on input line 222.
(pdftex.def)             Requested size: 345.0pt x 267.87495pt.

LaTeX Warning: `h' float specifier changed to `ht'.

[8 <./hist1.png>]
<Mapa.jpeg, id=53, 695.59875pt x 343.2825pt>
File: Mapa.jpeg Graphic file (type jpg)
<use Mapa.jpeg>
Package pdftex.def Info: Mapa.jpeg  used on input line 238.
(pdftex.def)             Requested size: 155.24895pt x 76.6119pt.
<graficoAltHere.png, id=54, 384.4764pt x 253.6677pt>
File: graficoAltHere.png Graphic file (type png)
<use graficoAltHere.png>
Package pdftex.def Info: graficoAltHere.png  used on input line 241.
(pdftex.def)             Requested size: 155.24895pt x 102.42906pt.


LaTeX Warning: `h' float specifier changed to `ht'.

<MapaHere.jpeg, id=55, 702.625pt x 331.2375pt>
File: MapaHere.jpeg Graphic file (type jpg)
<use MapaHere.jpeg>
Package pdftex.def Info: MapaHere.jpeg  used on input line 250.
(pdftex.def)             Requested size: 155.24895pt x 73.18584pt.
<graficoAltMapbox.png, id=56, 390.258pt x 253.6677pt>
File: graficoAltMapbox.png Graphic file (type png)
<use graficoAltMapbox.png>
Package pdftex.def Info: graficoAltMapbox.png  used on input line 253.
(pdftex.def)             Requested size: 155.24895pt x 100.91177pt.

LaTeX Warning: `h' float specifier changed to `ht'.

<Mapatomtom.jpeg, id=57, 692.5875pt x 331.2375pt>
File: Mapatomtom.jpeg Graphic file (type jpg)
<use Mapatomtom.jpeg>
Package pdftex.def Info: Mapatomtom.jpeg  used on input line 262.
(pdftex.def)             Requested size: 155.24895pt x 74.24722pt.
<graficoAltTomtom.png, id=58, 390.258pt x 253.6677pt>
File: graficoAltTomtom.png Graphic file (type png)
<use graficoAltTomtom.png>
Package pdftex.def Info: graficoAltTomtom.png  used on input line 265.
(pdftex.def)             Requested size: 155.24895pt x 100.91177pt.

LaTeX Warning: `h' float specifier changed to `ht'.

(main.bbl [9 <./hist2.png>]) [10 <./hist3.png>] [11 <./hist4.png>] [12 <./hist5.png> <./Mapa.jpeg> <./graficoAltHere.png>] [13 <./MapaHere.jpeg> <./graficoAltMapbox.png> <./Mapatomtom.jpeg> <./graficoAltTomtom.png>] (main.aux) ) 
Here is how much of TeX's memory you used:
 4261 strings out of 476331
 68212 string characters out of 5787765
 1860660 words of memory out of 5000000
 24638 multiletter control sequences out of 15000+600000
 524860 words of font info for 58 fonts, out of 8000000 for 9000
 1143 hyphenation exceptions out of 8191
 57i,15n,62p,1038b,285s stack positions out of 10000i,1000n,20000p,200000b,200000s
 <C:\Users\analu\AppData\Local\MiKTeX\fonts/pk/ljfour/jknappen/ec/dpi600\ecrm0800.pk> <C:\Users\analu\AppData\Local\MiKTeX\fonts/pk/ljfour/jknappen/ec/dpi600\ecti1000.pk> <C:\Users\analu\AppData\Local\MiKTeX\fonts/pk/ljfour/jknappen/ec/dpi600\tcrm1000.pk> <C:\Users\analu\AppData\Local\MiKTeX\fonts/pk/ljfour/jknappen/ec/dpi600\ecrm0700.pk> <C:\Users\analu\AppData\Local\MiKTeX\fonts/pk/ljfour/jknappen/ec/dpi600\ecbx1000.pk> <C:\Users\analu\AppData\Local\MiKTeX\fonts/pk/ljfour/jknappen/ec/dpi600\ecbx1200.pk> <C:\Users\analu\AppData\Local\MiKTeX\fonts/pk/ljfour/jknappen/ec/dpi600\ecrm1000.pk> <C:\Users\analu\AppData\Local\MiKTeX\fonts/pk/ljfour/jknappen/ec/dpi600\ecbx1440.pk> <C:\Users\analu\AppData\Local\MiKTeX\fonts/pk/ljfour/jknappen/ec/dpi600\ecrm1200.pk> <C:\Users\analu\AppData\Local\MiKTeX\fonts/pk/ljfour/jknappen/ec/dpi600\ecrm1728.pk><C:/Users/analu/AppData/Local/Programs/MiKTeX/fonts/type1/public/amsfonts/cm/cmmi10.pfb><C:/Users/analu/AppData/Local/Programs/MiKTeX/fonts/type1/public/amsfonts/cm/cmr10.pfb><C:/Users/analu/AppData/Local/Programs/MiKTeX/fonts/type1/public/amsfonts/cm/cmsy10.pfb>
Output written on main.pdf (13 pages, 2095904 bytes).
PDF statistics:
 430 PDF objects out of 1000 (max. 8388607)
 0 named destinations out of 1000 (max. 500000)
 76 words of extra memory for PDF output out of 10000 (max. 10000000)

